#
# There is insufficient memory for the Java Runtime Environment to continue.
# Native memory allocation (mmap) failed to map 100663296 bytes for Failed to commit area from 0x00000000a0c00000 to 0x00000000a6c00000 of length 100663296.
# Possible reasons:
#   The system is out of physical RAM or swap space
#   The process is running with CompressedOops enabled, and the Java Heap may be blocking the growth of the native heap
# Possible solutions:
#   Reduce memory load on the system
#   Increase physical memory or swap space
#   Check if swap backing store is full
#   Decrease Java heap size (-Xmx/-Xms)
#   Decrease number of Java threads
#   Decrease Java thread stack sizes (-Xss)
#   Set larger code cache with -XX:ReservedCodeCacheSize=
# This output file may be truncated or incomplete.
#
#  Out of Memory Error (c:/BuildAgent/work/5ff2f6c26000d570/src/hotspot/os/windows/os_windows.cpp:3291), pid=1072, tid=1144
#
# JRE version:  (11.0.5+10) (build )
# Java VM: OpenJDK 64-Bit Server VM (11.0.5+10-b520.38, mixed mode, aot, sharing, tiered, compressed oops, g1 gc, windows-amd64)
# No core dump will be written. Minidumps are not enabled by default on client versions of Windows
#

---------------  S U M M A R Y ------------

Command Line: org.jetbrains.git4idea.http.GitAskPassApp Username for 'https://github.com': 

Host: Intel(R) Core(TM) i5-2430M CPU @ 2.40GHz, 4 cores, 5G,  Windows 10 , 64 bit Build 18362 (10.0.18362.329)
Time: Sun Feb 23 18:19:20 2020 RTZ 2 (ceia) elapsed time: 0 seconds (0d 0h 0m 0s)

---------------  T H R E A D  ---------------

Current thread (0x000001ead94aa000):  JavaThread "Unknown thread" [_thread_in_vm, id=1144, stack(0x0000005477b00000,0x0000005477c00000)]

Stack: [0x0000005477b00000,0x0000005477c00000]
Native frames: (J=compiled Java code, j=interpreted, Vv=VM code, C=native code)
V  [jvm.dll+0x5dcafa]
V  [jvm.dll+0x70e375]
V  [jvm.dll+0x70f898]
V  [jvm.dll+0x70ff63]
V  [jvm.dll+0x23e238]
V  [jvm.dll+0x5da1c4]
V  [jvm.dll+0x5cf265]
V  [jvm.dll+0x2fac3b]
V  [jvm.dll+0x2fabaa]
V  [jvm.dll+0x2faa82]
V  [jvm.dll+0x2ff956]
V  [jvm.dll+0x3480d3]
V  [jvm.dll+0x3487d6]
V  [jvm.dll+0x3481d3]
V  [jvm.dll+0x2d5548]
V  [jvm.dll+0x2d66e7]
V  [jvm.dll+0x6ed237]
V  [jvm.dll+0x6eea2c]
V  [jvm.dll+0x355849]
V  [jvm.dll+0x6d239e]
V  [jvm.dll+0x3be283]
V  [jvm.dll+0x3c0701]
C  [jli.dll+0x5363]
C  [ucrtbase.dll+0x20e72]
C  [KERNEL32.DLL+0x17bd4]
C  [ntdll.dll+0x6ced1]


---------------  P R O C E S S  ---------------

Threads class SMR info:
_java_thread_list=0x000001ead92d3ee0, length=0, elements={
}

Java Threads: ( => current thread )

Other Threads:
  0x000001ead94c2800 GCTaskThread "GC Thread#0" [stack: 0x0000005477c00000,0x0000005477d00000] [id=2040]
  0x000001ead94ea000 ConcurrentGCThread "G1 Main Marker" [stack: 0x0000005477d00000,0x0000005477e00000] [id=2104]
  0x000001ead94ec800 ConcurrentGCThread "G1 Conc#0" [stack: 0x0000005477e00000,0x0000005477f00000] [id=3440]

[error occurred during error reporting (printing all threads), id 0xc0000005, EXCEPTION_ACCESS_VIOLATION (0xc0000005) at pc=0x00007ffe2e1d5c17]

VM state:not at safepoint (not fully initialized)

VM Mutex/Monitor currently owned by a thread:  ([mutex/lock_event])
[0x000001ead94a82b0] Heap_lock - owner thread: 0x000001ead94aa000

Heap address: 0x00000000a0c00000, size: 1524 MB, Compressed Oops mode: Non-zero based: 0x00000000a0c00000
Narrow klass base: 0x0000000000000000, Narrow klass shift: 0

GC Heap History (0 events):
No events

Deoptimization events (0 events):
No events

Classes redefined (0 events):
No events

Internal exceptions (0 events):
No events

Events (0 events):
No events


Dynamic libraries:
0x00007ff75c770000 - 0x00007ff75c77a000 	C:\Java\IDE\IntelliJ_IDEA\jbr\bin\java.exe
0x00007ffe659a0000 - 0x00007ffe65b90000 	C:\Windows\SYSTEM32\ntdll.dll
0x00007ffe657f0000 - 0x00007ffe658a2000 	C:\Windows\System32\KERNEL32.DLL
0x00007ffe62930000 - 0x00007ffe62bd3000 	C:\Windows\System32\KERNELBASE.dll
0x00007ffe638a0000 - 0x00007ffe6399a000 	C:\Windows\System32\ucrtbase.dll
0x00007ffe50c30000 - 0x00007ffe50c49000 	C:\Java\IDE\IntelliJ_IDEA\jbr\bin\jli.dll
0x00007ffe64060000 - 0x00007ffe641f4000 	C:\Windows\System32\USER32.dll
0x00007ffe637f0000 - 0x00007ffe63811000 	C:\Windows\System32\win32u.dll
0x00007ffe5d660000 - 0x00007ffe5d8e5000 	C:\Windows\WinSxS\amd64_microsoft.windows.common-controls_6595b64144ccf1df_6.0.18362.628_none_e6c6b62f130d50fc\COMCTL32.dll
0x00007ffe63f10000 - 0x00007ffe63f36000 	C:\Windows\System32\GDI32.dll
0x00007ffe64360000 - 0x00007ffe643fe000 	C:\Windows\System32\msvcrt.dll
0x00007ffe62c60000 - 0x00007ffe62df4000 	C:\Windows\System32\gdi32full.dll
0x00007ffe62e00000 - 0x00007ffe62e9e000 	C:\Windows\System32\msvcp_win.dll
0x00007ffe64ce0000 - 0x00007ffe65016000 	C:\Windows\System32\combase.dll
0x00007ffe63f40000 - 0x00007ffe64060000 	C:\Windows\System32\RPCRT4.dll
0x00007ffe63820000 - 0x00007ffe638a0000 	C:\Windows\System32\bcryptPrimitives.dll
0x00007ffe4e240000 - 0x00007ffe4e257000 	C:\Java\IDE\IntelliJ_IDEA\jbr\bin\VCRUNTIME140.dll
0x00007ffe650f0000 - 0x00007ffe6511e000 	C:\Windows\System32\IMM32.DLL
0x00007ffe454e0000 - 0x00007ffe4557d000 	C:\Java\IDE\IntelliJ_IDEA\jbr\bin\msvcp140.dll
0x00007ffe2def0000 - 0x00007ffe2e9ab000 	C:\Java\IDE\IntelliJ_IDEA\jbr\bin\server\jvm.dll
0x00007ffe64c30000 - 0x00007ffe64cd3000 	C:\Windows\System32\ADVAPI32.dll
0x00007ffe63e70000 - 0x00007ffe63f07000 	C:\Windows\System32\sechost.dll
0x00007ffe65930000 - 0x00007ffe65938000 	C:\Windows\System32\PSAPI.DLL
0x00007ffe5ece0000 - 0x00007ffe5ece9000 	C:\Windows\SYSTEM32\WSOCK32.dll
0x00007ffe608c0000 - 0x00007ffe608e4000 	C:\Windows\SYSTEM32\WINMM.dll
0x00007ffe579e0000 - 0x00007ffe579ea000 	C:\Windows\SYSTEM32\VERSION.dll
0x00007ffe60520000 - 0x00007ffe6054d000 	C:\Windows\SYSTEM32\WINMMBASE.dll
0x00007ffe62ff0000 - 0x00007ffe6303a000 	C:\Windows\System32\cfgmgr32.dll
0x00007ffe64200000 - 0x00007ffe6426f000 	C:\Windows\System32\WS2_32.dll
0x00007ffe628f0000 - 0x00007ffe62901000 	C:\Windows\System32\kernel.appcore.dll
0x00007ffe59dd0000 - 0x00007ffe59de1000 	C:\Java\IDE\IntelliJ_IDEA\jbr\bin\verify.dll
0x00007ffe51bd0000 - 0x00007ffe51dc4000 	C:\Windows\SYSTEM32\DBGHELP.DLL
0x00007ffe51af0000 - 0x00007ffe51b1a000 	C:\Windows\SYSTEM32\dbgcore.DLL
0x00007ffe568e0000 - 0x00007ffe56909000 	C:\Java\IDE\IntelliJ_IDEA\jbr\bin\java.dll
0x00007ffe551b0000 - 0x00007ffe551c7000 	C:\Java\IDE\IntelliJ_IDEA\jbr\bin\zip.dll
0x00007ffe5e190000 - 0x00007ffe5e19b000 	C:\Java\IDE\IntelliJ_IDEA\jbr\bin\jimage.dll

dbghelp: loaded successfully - version: 4.0.5 - missing functions: none
symbol engine: initialized successfully - sym options: 0x614 - pdb path: .;C:\Java\IDE\IntelliJ_IDEA\jbr\bin;C:\Windows\SYSTEM32;C:\Windows\WinSxS\amd64_microsoft.windows.common-controls_6595b64144ccf1df_6.0.18362.628_none_e6c6b62f130d50fc;C:\Java\IDE\IntelliJ_IDEA\jbr\bin\server

VM Arguments:
java_command: org.jetbrains.git4idea.http.GitAskPassApp Username for 'https://github.com': 
java_class_path (initial): C:/Java/IDE/IntelliJ_IDEA/plugins/git4idea/lib/git4idea-rt.jar;C:/Java/IDE/IntelliJ_IDEA/lib/xmlrpc-2.0.1.jar;C:/Java/IDE/IntelliJ_IDEA/lib/commons-codec-1.13.jar;C:/Java/IDE/IntelliJ_IDEA/lib/util.jar
Launcher Type: SUN_STANDARD

[Global flags]
     intx CICompilerCount                          = 3                                         {product} {ergonomic}
     uint ConcGCThreads                            = 1                                         {product} {ergonomic}
     uint G1ConcRefinementThreads                  = 4                                         {product} {ergonomic}
   size_t G1HeapRegionSize                         = 1048576                                   {product} {ergonomic}
    uintx GCDrainStackTargetSize                   = 64                                        {product} {ergonomic}
   size_t InitialHeapSize                          = 100663296                                 {product} {ergonomic}
   size_t MarkStackSize                            = 4194304                                   {product} {ergonomic}
   size_t MaxHeapSize                              = 1598029824                                {product} {ergonomic}
   size_t MinHeapDeltaBytes                        = 1048576                                   {product} {ergonomic}
    uintx NonNMethodCodeHeapSize                   = 5830732                                {pd product} {ergonomic}
    uintx NonProfiledCodeHeapSize                  = 122913754                              {pd product} {ergonomic}
    uintx ProfiledCodeHeapSize                     = 122913754                              {pd product} {ergonomic}
    uintx ReservedCodeCacheSize                    = 251658240                              {pd product} {ergonomic}
     bool SegmentedCodeCache                       = true                                      {product} {ergonomic}
     bool UseCompressedClassPointers               = true                                 {lp64_product} {ergonomic}
     bool UseCompressedOops                        = true                                 {lp64_product} {ergonomic}
     bool UseG1GC                                  = true                                      {product} {ergonomic}
     bool UseLargePagesIndividualAllocation        = false                                  {pd product} {ergonomic}

Logging:
Log output configuration:
 #0: stdout all=warning uptime,level,tags
 #1: stderr all=off uptime,level,tags

Environment Variables:
JAVA_HOME=C:\Java\jdk\jdk-13.0.2
PATH=C:\Program Files\Git\mingw64\libexec\git-core;C:\Program Files\Git\mingw64\libexec\git-core;C:\Program Files\Git\mingw64\bin;C:\Program Files\Git\usr\bin;C:\Users\GoodPC\bin;C:\Windows\system32;C:\Windows;C:\Windows\System32\Wbem;C:\Windows\System32\WindowsPowerShell\v1.0;C:\Java\jdk\jdk-13.0.2\bin;C:\Program Files (x86)\ATI Technologies\ATI.ACE\Core-Static;C:\Program Files\Git\cmd;C:\Users\GoodPC\AppData\Local\Microsoft\WindowsApps
USERNAME=GoodPC
DISPLAY=:0.0
OS=Windows_NT
PROCESSOR_IDENTIFIER=Intel64 Family 6 Model 42 Stepping 7, GenuineIntel



---------------  S Y S T E M  ---------------

OS: Windows 10 , 64 bit Build 18362 (10.0.18362.329)

CPU:total 4 (initial active 4) (2 cores per cpu, 2 threads per core) family 6 model 42 stepping 7, cmov, cx8, fxsr, mmx, sse, sse2, sse3, ssse3, sse4.1, sse4.2, popcnt, avx, aes, clmul, ht, tsc, tscinvbit

Memory: 4k page, system-wide physical 6091M (451M free)
TotalPageFile size 6091M (AvailPageFile size 100M)
current process WorkingSet (physical memory assigned to process): 9M, peak: 9M
current process commit charge ("private bytes"): 51M, peak: 147M

vm_info: OpenJDK 64-Bit Server VM (11.0.5+10-b520.38) for windows-amd64 JRE (11.0.5+10-b520.38), built on Jan 23 2020 07:58:32 by "" with MS VC++ 14.0 (VS2015)

END.
