#
# There is insufficient memory for the Java Runtime Environment to continue.
# Native memory allocation (mmap) failed to map 100663296 bytes for Failed to commit area from 0x00000000a0c00000 to 0x00000000a6c00000 of length 100663296.
# Possible reasons:
#   The system is out of physical RAM or swap space
#   The process is running with CompressedOops enabled, and the Java Heap may be blocking the growth of the native heap
# Possible solutions:
#   Reduce memory load on the system
#   Increase physical memory or swap space
#   Check if swap backing store is full
#   Decrease Java heap size (-Xmx/-Xms)
#   Decrease number of Java threads
#   Decrease Java thread stack sizes (-Xss)
#   Set larger code cache with -XX:ReservedCodeCacheSize=
# This output file may be truncated or incomplete.
#
#  Out of Memory Error (t:/workspace/open/src/hotspot/os/windows/os_windows.cpp:3301), pid=2728, tid=6436
#
# JRE version:  (13.0.2+8) (build )
# Java VM: OpenJDK 64-Bit Server VM (13.0.2+8, mixed mode, aot, sharing, tiered, compressed oops, g1 gc, windows-amd64)
# No core dump will be written. Minidumps are not enabled by default on client versions of Windows
#

---------------  S U M M A R Y ------------

Command Line: -javaagent:C:\Java\IDE\IntelliJ_IDEA\lib\idea_rt.jar=50398:C:\Java\IDE\IntelliJ_IDEA\bin -Dfile.encoding=UTF-8 by.gil.Accounting

Host: Intel(R) Core(TM) i5-2430M CPU @ 2.40GHz, 4 cores, 5G,  Windows 10 , 64 bit Build 18362 (10.0.18362.329)
Time: Thu Feb 27 22:05:14 2020 RTZ 2 (ceia) elapsed time: 0 seconds (0d 0h 0m 0s)

---------------  T H R E A D  ---------------

Current thread (0x0000019590ccb800):  JavaThread "Unknown thread" [_thread_in_vm, id=6436, stack(0x0000000385300000,0x0000000385400000)]

Stack: [0x0000000385300000,0x0000000385400000]
Native frames: (J=compiled Java code, j=interpreted, Vv=VM code, C=native code)
V  [jvm.dll+0x624f9a]
V  [jvm.dll+0x770cfa]
V  [jvm.dll+0x7724af]
V  [jvm.dll+0x772ab3]
V  [jvm.dll+0x24bf08]
V  [jvm.dll+0x6222aa]
V  [jvm.dll+0x6170b5]
V  [jvm.dll+0x30a88c]
V  [jvm.dll+0x30a6c2]
V  [jvm.dll+0x30fe36]
V  [jvm.dll+0x353f46]
V  [jvm.dll+0x353720]
V  [jvm.dll+0x2e550a]
V  [jvm.dll+0x2e67a2]
V  [jvm.dll+0x74dd78]
V  [jvm.dll+0x361989]
V  [jvm.dll+0x730e65]
V  [jvm.dll+0x3cc53f]
V  [jvm.dll+0x3ce861]
C  [jli.dll+0x51ff]
C  [ucrtbase.dll+0x20e72]
C  [KERNEL32.DLL+0x17bd4]
C  [ntdll.dll+0x6ced1]


---------------  P R O C E S S  ---------------

Threads class SMR info:
_java_thread_list=0x00007fff9a5bccb8, length=0, elements={
}

Java Threads: ( => current thread )

Other Threads:
  0x0000019590d05800 GCTaskThread "GC Thread#0" [stack: 0x0000000385400000,0x0000000385500000] [id=9180]
  0x0000019590d13000 ConcurrentGCThread "G1 Main Marker" [stack: 0x0000000385500000,0x0000000385600000] [id=8800]
  0x0000019590d15000 ConcurrentGCThread "G1 Conc#0" [stack: 0x0000000385600000,0x0000000385700000] [id=1400]

[error occurred during error reporting (printing all threads), id 0xc0000005, EXCEPTION_ACCESS_VIOLATION (0xc0000005) at pc=0x00007fff99df51d7]

VM state:not at safepoint (not fully initialized)

VM Mutex/Monitor currently owned by a thread:  ([mutex/lock_event])
[0x0000019590cc9650] Heap_lock - owner thread: 0x0000019590ccb800

Heap address: 0x00000000a0c00000, size: 1524 MB, Compressed Oops mode: Non-zero based: 0x00000000a0c00000
Narrow klass base: 0x0000000000000000, Narrow klass shift: 0

GC Heap History (0 events):
No events

Deoptimization events (0 events):
No events

Classes unloaded (0 events):
No events

Classes redefined (0 events):
No events

Internal exceptions (0 events):
No events

Events (8 events):
Event: 0.134 Loaded shared library C:\Java\jdk\jdk-13.0.2\bin\zip.dll
Event: 0.134 Loaded shared library C:\Java\jdk\jdk-13.0.2\bin\jimage.dll
Event: 0.135 Loading shared library C:\Java\jdk\jdk-13.0.2\lib\libjava.base-coop.dll failed, error code 126
Event: 0.135 Loading shared library C:\Java\jdk\jdk-13.0.2\lib\libjava.logging-coop.dll failed, error code 126
Event: 0.135 Loading shared library C:\Java\jdk\jdk-13.0.2\lib\libjdk.compiler-coop.dll failed, error code 126
Event: 0.135 Loading shared library C:\Java\jdk\jdk-13.0.2\lib\libjdk.scripting.nashorn-coop.dll failed, error code 126
Event: 0.135 Loading shared library C:\Java\jdk\jdk-13.0.2\lib\libjdk.internal.vm.ci-coop.dll failed, error code 126
Event: 0.135 Loading shared library C:\Java\jdk\jdk-13.0.2\lib\libjdk.internal.vm.compiler-coop.dll failed, error code 126


Dynamic libraries:
0x00007ff7db640000 - 0x00007ff7db64d000 	C:\Java\jdk\jdk-13.0.2\bin\java.exe
0x00007fffe11e0000 - 0x00007fffe13d0000 	C:\Windows\SYSTEM32\ntdll.dll
0x00007fffdfa40000 - 0x00007fffdfaf2000 	C:\Windows\System32\KERNEL32.DLL
0x00007fffdeba0000 - 0x00007fffdee43000 	C:\Windows\System32\KERNELBASE.dll
0x00007fffdef70000 - 0x00007fffdf06a000 	C:\Windows\System32\ucrtbase.dll
0x00007fffd3270000 - 0x00007fffd3288000 	C:\Java\jdk\jdk-13.0.2\bin\jli.dll
0x00007fffe0510000 - 0x00007fffe06a4000 	C:\Windows\System32\USER32.dll
0x00007fffdeea0000 - 0x00007fffdeec1000 	C:\Windows\System32\win32u.dll
0x00007fffe0eb0000 - 0x00007fffe0ed6000 	C:\Windows\System32\GDI32.dll
0x00007fffdf070000 - 0x00007fffdf204000 	C:\Windows\System32\gdi32full.dll
0x00007fffd33b0000 - 0x00007fffd33c5000 	C:\Java\jdk\jdk-13.0.2\bin\VCRUNTIME140.dll
0x00007fffdeed0000 - 0x00007fffdef6e000 	C:\Windows\System32\msvcp_win.dll
0x00007fffcc370000 - 0x00007fffcc5f5000 	C:\Windows\WinSxS\amd64_microsoft.windows.common-controls_6595b64144ccf1df_6.0.18362.628_none_e6c6b62f130d50fc\COMCTL32.dll
0x00007fffe0760000 - 0x00007fffe07fe000 	C:\Windows\System32\msvcrt.dll
0x00007fffe09f0000 - 0x00007fffe0d26000 	C:\Windows\System32\combase.dll
0x00007fffe1010000 - 0x00007fffe1130000 	C:\Windows\System32\RPCRT4.dll
0x00007fffdeb20000 - 0x00007fffdeba0000 	C:\Windows\System32\bcryptPrimitives.dll
0x00007fffe08f0000 - 0x00007fffe091e000 	C:\Windows\System32\IMM32.DLL
0x00007fffae740000 - 0x00007fffae7db000 	C:\Java\jdk\jdk-13.0.2\bin\msvcp140.dll
0x00007fff99b00000 - 0x00007fff9a65d000 	C:\Java\jdk\jdk-13.0.2\bin\server\jvm.dll
0x00007fffe0460000 - 0x00007fffe0503000 	C:\Windows\System32\ADVAPI32.dll
0x00007fffdf990000 - 0x00007fffdfa27000 	C:\Windows\System32\sechost.dll
0x00007fffe08e0000 - 0x00007fffe08e8000 	C:\Windows\System32\PSAPI.DLL
0x00007fffdc290000 - 0x00007fffdc299000 	C:\Windows\SYSTEM32\WSOCK32.dll
0x00007fffdc100000 - 0x00007fffdc124000 	C:\Windows\SYSTEM32\WINMM.dll
0x00007fffdf920000 - 0x00007fffdf98f000 	C:\Windows\System32\WS2_32.dll
0x00007fffdbd60000 - 0x00007fffdbd8d000 	C:\Windows\SYSTEM32\winmmbase.dll
0x00007fffdee50000 - 0x00007fffdee9a000 	C:\Windows\System32\cfgmgr32.dll
0x00007fffd3260000 - 0x00007fffd326a000 	C:\Windows\SYSTEM32\VERSION.dll
0x00007fffde0e0000 - 0x00007fffde0f1000 	C:\Windows\System32\kernel.appcore.dll
0x00007fffd86f0000 - 0x00007fffd8700000 	C:\Java\jdk\jdk-13.0.2\bin\verify.dll
0x00007fffcd870000 - 0x00007fffcda64000 	C:\Windows\SYSTEM32\DBGHELP.DLL
0x00007fffcd7a0000 - 0x00007fffcd7ca000 	C:\Windows\SYSTEM32\dbgcore.DLL
0x00007fffc78c0000 - 0x00007fffc78e6000 	C:\Java\jdk\jdk-13.0.2\bin\java.dll
0x00007fffd0c00000 - 0x00007fffd0c0e000 	C:\Java\jdk\jdk-13.0.2\bin\instrument.dll
0x00007fffd0d00000 - 0x00007fffd0d17000 	C:\Java\jdk\jdk-13.0.2\bin\zip.dll
0x00007fffd7b60000 - 0x00007fffd7b6a000 	C:\Java\jdk\jdk-13.0.2\bin\jimage.dll

dbghelp: loaded successfully - version: 4.0.5 - missing functions: none
symbol engine: initialized successfully - sym options: 0x614 - pdb path: .;C:\Java\jdk\jdk-13.0.2\bin;C:\Windows\SYSTEM32;C:\Windows\WinSxS\amd64_microsoft.windows.common-controls_6595b64144ccf1df_6.0.18362.628_none_e6c6b62f130d50fc;C:\Java\jdk\jdk-13.0.2\bin\server

VM Arguments:
jvm_args: -javaagent:C:\Java\IDE\IntelliJ_IDEA\lib\idea_rt.jar=50398:C:\Java\IDE\IntelliJ_IDEA\bin -Dfile.encoding=UTF-8 
java_command: by.gil.Accounting
java_class_path (initial): C:\MyProject\Task12\out\production\Task12
Launcher Type: SUN_STANDARD

[Global flags]
     intx CICompilerCount                          = 3                                         {product} {ergonomic}
     uint ConcGCThreads                            = 1                                         {product} {ergonomic}
     uint G1ConcRefinementThreads                  = 4                                         {product} {ergonomic}
   size_t G1HeapRegionSize                         = 1048576                                   {product} {ergonomic}
    uintx GCDrainStackTargetSize                   = 64                                        {product} {ergonomic}
   size_t InitialHeapSize                          = 100663296                                 {product} {ergonomic}
   size_t MarkStackSize                            = 4194304                                   {product} {ergonomic}
   size_t MaxHeapSize                              = 1598029824                                {product} {ergonomic}
   size_t MinHeapDeltaBytes                        = 1048576                                   {product} {ergonomic}
   size_t MinHeapSize                              = 8388608                                   {product} {ergonomic}
    uintx NonNMethodCodeHeapSize                   = 5832780                                {pd product} {ergonomic}
    uintx NonProfiledCodeHeapSize                  = 122912730                              {pd product} {ergonomic}
    uintx ProfiledCodeHeapSize                     = 122912730                              {pd product} {ergonomic}
    uintx ReservedCodeCacheSize                    = 251658240                              {pd product} {ergonomic}
     bool SegmentedCodeCache                       = true                                      {product} {ergonomic}
   size_t SoftMaxHeapSize                          = 1598029824                             {manageable} {ergonomic}
     bool UseCompressedClassPointers               = true                                 {lp64_product} {ergonomic}
     bool UseCompressedOops                        = true                                 {lp64_product} {ergonomic}
     bool UseG1GC                                  = true                                      {product} {ergonomic}
     bool UseLargePagesIndividualAllocation        = false                                  {pd product} {ergonomic}

Logging:
Log output configuration:
 #0: stdout all=warning uptime,level,tags
 #1: stderr all=off uptime,level,tags

Environment Variables:
JAVA_HOME=C:\Java\jdk\jdk-13.0.2
PATH=C:\Windows\system32;C:\Windows;C:\Windows\System32\Wbem;C:\Windows\System32\WindowsPowerShell\v1.0\;C:\Java\jdk\jdk-13.0.2\bin;C:\Program Files (x86)\ATI Technologies\ATI.ACE\Core-Static;C:\Program Files\Git\cmd;C:\Users\GoodPC\AppData\Local\Microsoft\WindowsApps
USERNAME=GoodPC
OS=Windows_NT
PROCESSOR_IDENTIFIER=Intel64 Family 6 Model 42 Stepping 7, GenuineIntel



---------------  S Y S T E M  ---------------

OS: Windows 10 , 64 bit Build 18362 (10.0.18362.329)

CPU:total 4 (initial active 4) (2 cores per cpu, 2 threads per core) family 6 model 42 stepping 7, cmov, cx8, fxsr, mmx, sse, sse2, sse3, ssse3, sse4.1, sse4.2, popcnt, avx, aes, clmul, ht, tsc, tscinvbit

Memory: 4k page, system-wide physical 6091M (419M free)
TotalPageFile size 6091M (AvailPageFile size 13M)
current process WorkingSet (physical memory assigned to process): 10M, peak: 10M
current process commit charge ("private bytes"): 51M, peak: 147M

vm_info: OpenJDK 64-Bit Server VM (13.0.2+8) for windows-amd64 JRE (13.0.2+8), built on Dec 11 2019 09:20:05 by "mach5one" with unknown MS VC++:1916

END.
